0 info it worked if it ends with ok
1 verbose cli [ '/usr/bin/node', '/usr/bin/npm', 'install', 'mysql' ]
2 info using npm@1.4.28
3 info using node@v0.10.37
4 verbose node symlink /usr/bin/node
5 verbose cache add [ 'mysql', null ]
6 verbose cache add name=undefined spec="mysql" args=["mysql",null]
7 verbose parsed url { protocol: null,
7 verbose parsed url   slashes: null,
7 verbose parsed url   auth: null,
7 verbose parsed url   host: null,
7 verbose parsed url   port: null,
7 verbose parsed url   hostname: null,
7 verbose parsed url   hash: null,
7 verbose parsed url   search: null,
7 verbose parsed url   query: null,
7 verbose parsed url   pathname: 'mysql',
7 verbose parsed url   path: 'mysql',
7 verbose parsed url   href: 'mysql' }
8 silly lockFile f460c882-mysql mysql
9 verbose lock mysql /home/taotao/.npm/f460c882-mysql.lock
10 silly lockFile f460c882-mysql mysql
11 silly lockFile f460c882-mysql mysql
12 verbose addNamed [ 'mysql', '' ]
13 verbose addNamed [ null, '*' ]
14 silly lockFile 6df78a86-mysql mysql@
15 verbose lock mysql@ /home/taotao/.npm/6df78a86-mysql.lock
16 silly addNameRange { name: 'mysql', range: '*', hasData: false }
17 verbose request where is /mysql
18 verbose request registry https://registry.npmjs.org/
19 verbose request id 1c3699a093a8f896
20 verbose url raw /mysql
21 verbose url resolving [ 'https://registry.npmjs.org/', './mysql' ]
22 verbose url resolved https://registry.npmjs.org/mysql
23 verbose request where is https://registry.npmjs.org/mysql
24 info trying registry request attempt 1 at 10:05:05
25 verbose etag "AEK83B7ESS4XJWS1XVGRFJJBN"
26 http GET https://registry.npmjs.org/mysql
27 http 200 https://registry.npmjs.org/mysql
28 silly registry.get cb [ 200,
28 silly registry.get   { server: 'CouchDB/1.5.0 (Erlang OTP/R16B03)',
28 silly registry.get     etag: '"ES9ZLOPHP4OAJU9OSBG06GNVC"',
28 silly registry.get     'content-type': 'application/json',
28 silly registry.get     'cache-control': 'max-age=60',
28 silly registry.get     'content-length': '116511',
28 silly registry.get     'accept-ranges': 'bytes',
28 silly registry.get     date: 'Wed, 02 Sep 2015 02:05:05 GMT',
28 silly registry.get     via: '1.1 varnish',
28 silly registry.get     age: '59',
28 silly registry.get     connection: 'keep-alive',
28 silly registry.get     'x-served-by': 'cache-nrt6128-NRT',
28 silly registry.get     'x-cache': 'HIT',
28 silly registry.get     'x-cache-hits': '1',
28 silly registry.get     'x-timer': 'S1441159505.504280,VS0,VE1',
28 silly registry.get     vary: 'Accept' } ]
29 silly addNameRange number 2 { name: 'mysql', range: '*', hasData: true }
30 silly addNameRange versions [ 'mysql',
30 silly addNameRange   [ '0.1.0',
30 silly addNameRange     '0.2.0',
30 silly addNameRange     '0.3.0',
30 silly addNameRange     '0.4.0',
30 silly addNameRange     '0.5.0',
30 silly addNameRange     '0.6.0',
30 silly addNameRange     '0.7.0',
30 silly addNameRange     '0.8.0',
30 silly addNameRange     '0.9.0',
30 silly addNameRange     '0.9.1',
30 silly addNameRange     '0.9.2',
30 silly addNameRange     '0.9.3',
30 silly addNameRange     '0.9.4',
30 silly addNameRange     '0.9.5',
30 silly addNameRange     '0.9.6',
30 silly addNameRange     '2.0.0-alpha',
30 silly addNameRange     '2.0.0-alpha2',
30 silly addNameRange     '2.0.0-alpha3',
30 silly addNameRange     '2.0.0-alpha4',
30 silly addNameRange     '2.0.0-alpha5',
30 silly addNameRange     '2.0.0-alpha6',
30 silly addNameRange     '2.0.0-alpha7',
30 silly addNameRange     '2.0.0-alpha8',
30 silly addNameRange     '2.0.0-alpha9',
30 silly addNameRange     '2.0.0-rc1',
30 silly addNameRange     '2.0.0-rc2',
30 silly addNameRange     '2.0.0',
30 silly addNameRange     '2.0.1',
30 silly addNameRange     '2.1.0',
30 silly addNameRange     '2.1.1',
30 silly addNameRange     '2.2.0',
30 silly addNameRange     '2.3.0',
30 silly addNameRange     '2.3.1',
30 silly addNameRange     '2.3.2',
30 silly addNameRange     '2.4.0',
30 silly addNameRange     '2.4.1',
30 silly addNameRange     '2.4.2',
30 silly addNameRange     '2.4.3',
30 silly addNameRange     '2.5.0',
30 silly addNameRange     '2.5.1',
30 silly addNameRange     '2.5.2',
30 silly addNameRange     '2.5.3',
30 silly addNameRange     '2.5.4',
30 silly addNameRange     '2.5.5',
30 silly addNameRange     '2.6.0',
30 silly addNameRange     '2.6.1',
30 silly addNameRange     '2.6.2',
30 silly addNameRange     '2.7.0',
30 silly addNameRange     '2.8.0',
30 silly addNameRange     '2.9.0' ] ]
31 verbose addNamed [ 'mysql', '2.9.0' ]
32 verbose addNamed [ '2.9.0', '2.9.0' ]
33 silly lockFile e4a39ed0-mysql-2-9-0 mysql@2.9.0
34 verbose lock mysql@2.9.0 /home/taotao/.npm/e4a39ed0-mysql-2-9-0.lock
35 silly lockFile 8e333d97--npmjs-org-mysql-mysql-2-9-0-tgz https://registry.npmjs.org/mysql/-/mysql-2.9.0.tgz
36 verbose lock https://registry.npmjs.org/mysql/-/mysql-2.9.0.tgz /home/taotao/.npm/8e333d97--npmjs-org-mysql-mysql-2-9-0-tgz.lock
37 verbose addRemoteTarball [ 'https://registry.npmjs.org/mysql/-/mysql-2.9.0.tgz',
37 verbose addRemoteTarball   '8b2218a9ddaf92518caefad78d152df1b6b64213' ]
38 info retry fetch attempt 1 at 10:05:07
39 verbose fetch to= /tmp/npm-19220-PShooUCo/registry.npmjs.org/mysql/-/mysql-2.9.0.tgz
40 http GET https://registry.npmjs.org/mysql/-/mysql-2.9.0.tgz
41 http 200 https://registry.npmjs.org/mysql/-/mysql-2.9.0.tgz
42 silly lockFile 8e333d97--npmjs-org-mysql-mysql-2-9-0-tgz https://registry.npmjs.org/mysql/-/mysql-2.9.0.tgz
43 silly lockFile 8e333d97--npmjs-org-mysql-mysql-2-9-0-tgz https://registry.npmjs.org/mysql/-/mysql-2.9.0.tgz
44 silly lockFile e4a39ed0-mysql-2-9-0 mysql@2.9.0
45 silly lockFile e4a39ed0-mysql-2-9-0 mysql@2.9.0
46 silly lockFile 6df78a86-mysql mysql@
47 silly lockFile 6df78a86-mysql mysql@
48 error Error: EACCES, mkdir '/home/taotao/.npm/mysql/2.9.0'
48 error  { [Error: EACCES, mkdir '/home/taotao/.npm/mysql/2.9.0']
48 error   errno: 3,
48 error   code: 'EACCES',
48 error   path: '/home/taotao/.npm/mysql/2.9.0' }
49 error Please try running this command again as root/Administrator.
50 error System Linux 3.13.0-62-generic
51 error command "/usr/bin/node" "/usr/bin/npm" "install" "mysql"
52 error cwd /home/taotao/project/nodejs-study/node_crawl
53 error node -v v0.10.37
54 error npm -v 1.4.28
55 error path /home/taotao/.npm/mysql/2.9.0
56 error code EACCES
57 error errno 3
58 error stack Error: EACCES, mkdir '/home/taotao/.npm/mysql/2.9.0'
59 verbose exit [ 3, true ]
